<?xml version="1.0" encoding="UTF-8"?>
<!-- Generated by org.testng.reporters.JUnitReportReporter -->
<testsuite hostname="amit" name="myfile.Demo1" tests="1" failures="0" timestamp="27 Jun 2018 18:50:06 GMT" time="1.507" errors="0">
  <testcase name="runProgram" time="1.507" classname="myfile.Demo1"/>
</testsuite> <!-- myfile.Demo1 -->
